d:\tegridypve\sources\sources\battleyent-master\battleyent_helper\x64\release\vc143.pdb
d:\tegridypve\sources\sources\battleyent-master\battleyent_helper\x64\release\overlay.obj
d:\tegridypve\sources\sources\battleyent-master\battleyent_helper\x64\release\menurenderer.obj
d:\tegridypve\sources\sources\battleyent-master\battleyent_helper\x64\release\menu.obj
d:\tegridypve\sources\sources\battleyent-master\battleyent_helper\x64\release\features.obj
d:\tegridypve\sources\sources\battleyent-master\battleyent_helper\x64\release\dx11hook.obj
d:\tegridypve\sources\sources\battleyent-master\battleyent_helper\x64\release\dllmain.obj
d:\tegridypve\sources\sources\battleyent-master\battleyent_helper\x64\release\imgui_widgets.obj
d:\tegridypve\sources\sources\battleyent-master\battleyent_helper\x64\release\imgui_tables.obj
d:\tegridypve\sources\sources\battleyent-master\battleyent_helper\x64\release\imgui_draw.obj
d:\tegridypve\sources\sources\battleyent-master\battleyent_helper\x64\release\imgui.obj
d:\tegridypve\sources\sources\battleyent-master\battleyent_helper\x64\release\imgui_impl_win32.obj
d:\tegridypve\sources\sources\battleyent-master\battleyent_helper\x64\release\imgui_impl_dx11.obj
d:\tegridypve\sources\sources\battleyent-master\x64\release\battleyent_helper.dll
d:\tegridypve\sources\sources\battleyent-master\battleyent_helper\x64\release\battleyent_helper.ipdb
d:\tegridypve\sources\sources\battleyent-master\x64\release\battleyent_helper.pdb
d:\tegridypve\sources\sources\battleyent-master\battleyent_helper\x64\release\battleyent_helper.iobj
d:\tegridypve\sources\sources\battleyent-master\battleyent_helper\x64\release\battleye.25c64ee1.tlog\cl.command.1.tlog
d:\tegridypve\sources\sources\battleyent-master\battleyent_helper\x64\release\battleye.25c64ee1.tlog\cl.items.tlog
d:\tegridypve\sources\sources\battleyent-master\battleyent_helper\x64\release\battleye.25c64ee1.tlog\cl.read.1.tlog
d:\tegridypve\sources\sources\battleyent-master\battleyent_helper\x64\release\battleye.25c64ee1.tlog\cl.write.1.tlog
d:\tegridypve\sources\sources\battleyent-master\battleyent_helper\x64\release\battleye.25c64ee1.tlog\link.command.1.tlog
d:\tegridypve\sources\sources\battleyent-master\battleyent_helper\x64\release\battleye.25c64ee1.tlog\link.read.1.tlog
d:\tegridypve\sources\sources\battleyent-master\battleyent_helper\x64\release\battleye.25c64ee1.tlog\link.write.1.tlog
