c:\users\cannabusy\desktop\sources\bedummy\bedummy\x64\release\vc143.pdb
c:\users\cannabusy\desktop\sources\bedummy\bedummy\x64\release\bedummy.obj
c:\users\cannabusy\desktop\sources\bedummy\bedummy\x64\release\bedummy.exe
c:\users\cannabusy\desktop\sources\bedummy\bedummy\x64\release\bedummy.pdb
c:\users\cannabusy\desktop\sources\bedummy\bedummy\x64\release\bedummy.ipdb
c:\users\cannabusy\desktop\sources\bedummy\bedummy\x64\release\bedummy.iobj
c:\users\cannabusy\desktop\sources\bedummy\bedummy\x64\release\bedummy.res
d:\tegridypve\sources\sources\bedummy\bedummy\x64\release\bedummy.obj
d:\tegridypve\sources\sources\bedummy\bedummy\x64\release\bedummy.ipdb
d:\tegridypve\sources\sources\bedummy\bedummy\x64\release\bedummy.iobj
d:\tegridypve\sources\sources\bedummy\bedummy\x64\release\bedummy.res
d:\tegridypve\sources\sources\bedummy\bedummy\x64\release\bedummy.pdb
d:\tegridypve\sources\sources\bedummy\bedummy\x64\release\vc143.pdb
d:\tegridypve\sources\sources\bedummy\bedummy\x64\release\bedummy.exe
d:\tegridypve\sources\sources\bedummy\bedummy\x64\release\bedummy.tlog\cl.command.1.tlog
d:\tegridypve\sources\sources\bedummy\bedummy\x64\release\bedummy.tlog\cl.items.tlog
d:\tegridypve\sources\sources\bedummy\bedummy\x64\release\bedummy.tlog\cl.read.1.tlog
d:\tegridypve\sources\sources\bedummy\bedummy\x64\release\bedummy.tlog\cl.write.1.tlog
d:\tegridypve\sources\sources\bedummy\bedummy\x64\release\bedummy.tlog\link.command.1.tlog
d:\tegridypve\sources\sources\bedummy\bedummy\x64\release\bedummy.tlog\link.read.1.tlog
d:\tegridypve\sources\sources\bedummy\bedummy\x64\release\bedummy.tlog\link.write.1.tlog
d:\tegridypve\sources\sources\bedummy\bedummy\x64\release\bedummy.tlog\link.write.2u.tlog
d:\tegridypve\sources\sources\bedummy\bedummy\x64\release\bedummy.tlog\rc.command.1.tlog
d:\tegridypve\sources\sources\bedummy\bedummy\x64\release\bedummy.tlog\rc.read.1.tlog
d:\tegridypve\sources\sources\bedummy\bedummy\x64\release\bedummy.tlog\rc.write.1.tlog
